Performing C SOURCE FILE Test CMAKE_HAVE_LIBC_PTHREAD failed with the following output:
Change Dir: /home/jr/arch/lab3/build/CMakeFiles/CMakeTmp

Run Build Command(s):/usr/bin/ninja cmTC_d59d8 && [1/2] Building C object CMakeFiles/cmTC_d59d8.dir/src.c.o
[2/2] Linking C executable cmTC_d59d8
FAILED: cmTC_d59d8 
: && /usr/bin/gcc   CMakeFiles/cmTC_d59d8.dir/src.c.o -o cmTC_d59d8   && :
/usr/bin/ld: CMakeFiles/cmTC_d59d8.dir/src.c.o: in function `main':
src.c:(.text+0x46): undefined reference to `pthread_create'
/usr/bin/ld: src.c:(.text+0x52): undefined reference to `pthread_detach'
/usr/bin/ld: src.c:(.text+0x5e): undefined reference to `pthread_cancel'
/usr/bin/ld: src.c:(.text+0x6f): undefined reference to `pthread_join'
collect2: error: ld returned 1 exit status
ninja: build stopped: subcommand failed.


Source file was:
#include <pthread.h>

static void* test_func(void* data)
{
  return data;
}

int main(void)
{
  pthread_t thread;
  pthread_create(&thread, NULL, test_func, NULL);
  pthread_detach(thread);
  pthread_cancel(thread);
  pthread_join(thread, NULL);
  pthread_atfork(NULL, NULL, NULL);
  pthread_exit(NULL);

  return 0;
}

Determining if the function pthread_create exists in the pthreads failed with the following output:
Change Dir: /home/jr/arch/lab3/build/CMakeFiles/CMakeTmp

Run Build Command(s):/usr/bin/ninja cmTC_3426d && [1/2] Building C object CMakeFiles/cmTC_3426d.dir/CheckFunctionExists.c.o
[2/2] Linking C executable cmTC_3426d
FAILED: cmTC_3426d 
: && /usr/bin/gcc -DCHECK_FUNCTION_EXISTS=pthread_create  CMakeFiles/cmTC_3426d.dir/CheckFunctionExists.c.o -o cmTC_3426d  -lpthreads && :
/usr/bin/ld: cannot find -lpthreads
collect2: error: ld returned 1 exit status
ninja: build stopped: subcommand failed.



